IQ-TREE multicore version 1.6.9 for Linux 64-bit built Dec 20 2018
Developed by Bui Quang Minh, Nguyen Lam Tung, Olga Chernomor,
Heiko Schmidt, Dominik Schrempf, Michael Woodhams.

Host:    gallonegro (AVX, 7 GB RAM)
Command: iqtree -s Founder_a3456_rep4_gene9.fas -m JC
Seed:    878617 (Using SPRNG - Scalable Parallel Random Number Generator)
Time:    Tue May 28 17:13:05 2019
Kernel:  AVX - 1 threads (4 CPU cores detected)

HINT: Use -nt option to specify number of threads because your CPU has 4 cores!
HINT: -nt AUTO will automatically determine the best number of threads to use.

Reading alignment file Founder_a3456_rep4_gene9.fas ... Fasta format detected
Alignment most likely contains DNA/RNA sequences
Alignment has 4 sequences with 1000 columns, 42 distinct patterns
16 parsimony-informative, 44 singleton sites, 940 constant sites
                           Gap/Ambiguity  Composition  p-value
   1  Lin403259gen20001_gene9_1    0.00%    passed     99.88%
   2  Lin403259gen20001_gene9_2    0.00%    passed     99.86%
   3  Lin403259gen20001_gene9_3    0.00%    passed     99.87%
   4  Lin403259gen20001_gene9_4    0.00%    passed     99.82%
****  TOTAL                        0.00%  0 sequences failed composition chi2 test (p-value<5%; df=3)

Create initial parsimony tree by phylogenetic likelihood library (PLL)... 0.000 seconds

NOTE: 0 MB RAM (0 GB) is required!
Estimate model parameters (epsilon = 0.100)
1. Initial log-likelihood: -1780.807
Optimal log-likelihood: -1780.806
Rate parameters:  A-C: 1.00000  A-G: 1.00000  A-T: 1.00000  C-G: 1.00000  C-T: 1.00000  G-T: 1.00000
Base frequencies:  A: 0.250  C: 0.250  G: 0.250  T: 0.250
Parameters optimization took 1 rounds (0.000 sec)
Computing ML distances based on estimated model parameters... 0.000 sec
Computing BIONJ tree...
0.000 seconds
Log-likelihood of BIONJ tree: -1780.806
--------------------------------------------------------------------
|             INITIALIZING CANDIDATE TREE SET                      |
--------------------------------------------------------------------
Generating 99 parsimony trees... 0.013 second
Computing log-likelihood of 2 initial trees ... 0.000 seconds
Current best score: -1780.806

Do NNI search on 3 best initial trees
Finish initializing candidate tree set (3)
Current best tree score: -1780.806 / CPU time: 0.015
Number of iterations: 3
--------------------------------------------------------------------
|               OPTIMIZING CANDIDATE TREE SET                      |
--------------------------------------------------------------------
Iteration 10 / LogL: -1838.382 / Time: 0h:0m:0s
Iteration 20 / LogL: -1780.806 / Time: 0h:0m:0s
Iteration 30 / LogL: -1780.806 / Time: 0h:0m:0s (0h:0m:0s left)
Iteration 40 / LogL: -1838.401 / Time: 0h:0m:0s (0h:0m:0s left)
Iteration 50 / LogL: -1838.382 / Time: 0h:0m:0s (0h:0m:0s left)
Iteration 60 / LogL: -1780.806 / Time: 0h:0m:0s (0h:0m:0s left)
Iteration 70 / LogL: -1780.806 / Time: 0h:0m:0s (0h:0m:0s left)
Iteration 80 / LogL: -1838.401 / Time: 0h:0m:0s (0h:0m:0s left)
Iteration 90 / LogL: -1780.806 / Time: 0h:0m:0s (0h:0m:0s left)
Iteration 100 / LogL: -1838.401 / Time: 0h:0m:0s (0h:0m:0s left)
TREE SEARCH COMPLETED AFTER 101 ITERATIONS / Time: 0h:0m:0s

--------------------------------------------------------------------
|                    FINALIZING TREE SEARCH                        |
--------------------------------------------------------------------
Performs final model parameters optimization
Estimate model parameters (epsilon = 0.010)
1. Initial log-likelihood: -1780.806
Optimal log-likelihood: -1780.806
Rate parameters:  A-C: 1.00000  A-G: 1.00000  A-T: 1.00000  C-G: 1.00000  C-T: 1.00000  G-T: 1.00000
Base frequencies:  A: 0.250  C: 0.250  G: 0.250  T: 0.250
Parameters optimization took 1 rounds (0.000 sec)
BEST SCORE FOUND : -1780.806
Total tree length: 0.062

Total number of iterations: 101
CPU time used for tree search: 0.040 sec (0h:0m:0s)
Wall-clock time used for tree search: 0.045 sec (0h:0m:0s)
Total CPU time used: 0.048 sec (0h:0m:0s)
Total wall-clock time used: 0.056 sec (0h:0m:0s)

Analysis results written to: 
  IQ-TREE report:                Founder_a3456_rep4_gene9.fas.iqtree
  Maximum-likelihood tree:       Founder_a3456_rep4_gene9.fas.treefile
  Likelihood distances:          Founder_a3456_rep4_gene9.fas.mldist
  Screen log file:               Founder_a3456_rep4_gene9.fas.log

Date and Time: Tue May 28 17:13:05 2019
