IQ-TREE multicore version 1.6.9 for Linux 64-bit built Dec 20 2018
Developed by Bui Quang Minh, Nguyen Lam Tung, Olga Chernomor,
Heiko Schmidt, Dominik Schrempf, Michael Woodhams.

Host:    gallonegro (AVX, 7 GB RAM)
Command: iqtree -s Oner_ao3456_rep0_gene7.fas -m JC
Seed:    383111 (Using SPRNG - Scalable Parallel Random Number Generator)
Time:    Tue May 28 17:13:09 2019
Kernel:  AVX - 1 threads (4 CPU cores detected)

HINT: Use -nt option to specify number of threads because your CPU has 4 cores!
HINT: -nt AUTO will automatically determine the best number of threads to use.

Reading alignment file Oner_ao3456_rep0_gene7.fas ... Fasta format detected
Alignment most likely contains DNA/RNA sequences
Alignment has 4 sequences with 1000 columns, 41 distinct patterns
21 parsimony-informative, 31 singleton sites, 948 constant sites
                           Gap/Ambiguity  Composition  p-value
   1  Lin141301gen20001_gene7_1    0.00%    passed     99.96%
   2  Lin141301gen20001_gene7_2    0.00%    passed     99.76%
   3  Lin141301gen20001_gene7_3    0.00%    passed     99.61%
   4  Lin141301gen20001_gene7_4    0.00%    passed     99.40%
****  TOTAL                        0.00%  0 sequences failed composition chi2 test (p-value<5%; df=3)

Create initial parsimony tree by phylogenetic likelihood library (PLL)... 0.000 seconds

NOTE: 0 MB RAM (0 GB) is required!
Estimate model parameters (epsilon = 0.100)
1. Initial log-likelihood: -1729.448
Optimal log-likelihood: -1729.424
Rate parameters:  A-C: 1.00000  A-G: 1.00000  A-T: 1.00000  C-G: 1.00000  C-T: 1.00000  G-T: 1.00000
Base frequencies:  A: 0.250  C: 0.250  G: 0.250  T: 0.250
Parameters optimization took 1 rounds (0.000 sec)
Computing ML distances based on estimated model parameters... 0.000 sec
Computing BIONJ tree...
0.000 seconds
Log-likelihood of BIONJ tree: -1729.424
--------------------------------------------------------------------
|             INITIALIZING CANDIDATE TREE SET                      |
--------------------------------------------------------------------
Generating 99 parsimony trees... 0.014 second
Computing log-likelihood of 2 initial trees ... 0.000 seconds
Current best score: -1729.424

Do NNI search on 3 best initial trees
Finish initializing candidate tree set (3)
Current best tree score: -1729.424 / CPU time: 0.016
Number of iterations: 3
--------------------------------------------------------------------
|               OPTIMIZING CANDIDATE TREE SET                      |
--------------------------------------------------------------------
Iteration 10 / LogL: -1729.424 / Time: 0h:0m:0s
UPDATE BEST LOG-LIKELIHOOD: -1729.424
Iteration 20 / LogL: -1729.424 / Time: 0h:0m:0s
Iteration 30 / LogL: -1729.424 / Time: 0h:0m:0s (0h:0m:0s left)
Iteration 40 / LogL: -1729.424 / Time: 0h:0m:0s (0h:0m:0s left)
Iteration 50 / LogL: -1729.424 / Time: 0h:0m:0s (0h:0m:0s left)
Iteration 60 / LogL: -1729.424 / Time: 0h:0m:0s (0h:0m:0s left)
Iteration 70 / LogL: -1729.424 / Time: 0h:0m:0s (0h:0m:0s left)
Iteration 80 / LogL: -1729.424 / Time: 0h:0m:0s (0h:0m:0s left)
Iteration 90 / LogL: -1729.424 / Time: 0h:0m:0s (0h:0m:0s left)
Iteration 100 / LogL: -1729.424 / Time: 0h:0m:0s (0h:0m:0s left)
TREE SEARCH COMPLETED AFTER 101 ITERATIONS / Time: 0h:0m:0s

--------------------------------------------------------------------
|                    FINALIZING TREE SEARCH                        |
--------------------------------------------------------------------
Performs final model parameters optimization
Estimate model parameters (epsilon = 0.010)
1. Initial log-likelihood: -1729.424
Optimal log-likelihood: -1729.424
Rate parameters:  A-C: 1.00000  A-G: 1.00000  A-T: 1.00000  C-G: 1.00000  C-T: 1.00000  G-T: 1.00000
Base frequencies:  A: 0.250  C: 0.250  G: 0.250  T: 0.250
Parameters optimization took 1 rounds (0.000 sec)
BEST SCORE FOUND : -1729.424
Total tree length: 0.054

Total number of iterations: 101
CPU time used for tree search: 0.056 sec (0h:0m:0s)
Wall-clock time used for tree search: 0.060 sec (0h:0m:0s)
Total CPU time used: 0.067 sec (0h:0m:0s)
Total wall-clock time used: 0.071 sec (0h:0m:0s)

Analysis results written to: 
  IQ-TREE report:                Oner_ao3456_rep0_gene7.fas.iqtree
  Maximum-likelihood tree:       Oner_ao3456_rep0_gene7.fas.treefile
  Likelihood distances:          Oner_ao3456_rep0_gene7.fas.mldist
  Screen log file:               Oner_ao3456_rep0_gene7.fas.log

Date and Time: Tue May 28 17:13:09 2019
