IQ-TREE multicore version 1.6.9 for Linux 64-bit built Dec 20 2018
Developed by Bui Quang Minh, Nguyen Lam Tung, Olga Chernomor,
Heiko Schmidt, Dominik Schrempf, Michael Woodhams.

Host:    gallonegro (AVX, 7 GB RAM)
Command: iqtree -s 4th_branched_test_pops78910111213_concat.fas -m JC+H8 -pre conc_heterotachy_8
Seed:    190121 (Using SPRNG - Scalable Parallel Random Number Generator)
Time:    Wed May  8 15:51:41 2019
Kernel:  AVX - 1 threads (4 CPU cores detected)

HINT: Use -nt option to specify number of threads because your CPU has 4 cores!
HINT: -nt AUTO will automatically determine the best number of threads to use.

Reading alignment file 4th_branched_test_pops78910111213_concat.fas ... Fasta format detected
Alignment most likely contains DNA/RNA sequences
Alignment has 8 sequences with 10000 columns, 2501 distinct patterns
4544 parsimony-informative, 2973 singleton sites, 2483 constant sites
                     Gap/Ambiguity  Composition  p-value
   1  Lin478089gen30001_1    0.00%    passed     30.50%
   2  Lin478089gen30001_2    0.00%    passed     64.79%
   3  Lin478089gen30001_3    0.00%    passed     64.10%
   4  Lin478089gen30001_4    0.00%    passed     63.21%
   5  Lin478089gen30001_5    0.00%    passed     44.73%
   6  Lin478089gen30001_6    0.00%    passed     59.36%
   7  Lin478089gen30002_7    0.00%    passed     73.87%
   8  Lin478089gen30002_8    0.00%    passed     63.07%
****  TOTAL                  0.00%  0 sequences failed composition chi2 test (p-value<5%; df=3)

Create initial parsimony tree by phylogenetic likelihood library (PLL)... 0.002 seconds

NOTE: 5 MB RAM (0 GB) is required!
Estimate model parameters (epsilon = 0.100)
Initial LogL: -65245.735, Site proportion and rates:  (0.060,0.418) (0.099,0.710) (0.129,0.855) (0.150,0.956) (0.162,1.037) (0.163,1.117) (0.147,1.207) (0.091,1.371)
relative_treelen: 0.590 1.002 1.208 1.350 1.464 1.577 1.704 1.936
1. Initial log-likelihood: -65245.735
2. Current log-likelihood: -65220.561
3. Current log-likelihood: -65217.997
4. Current log-likelihood: -65216.641
5. Current log-likelihood: -65215.458
6. Current log-likelihood: -65214.024
7. Current log-likelihood: -65212.162
8. Current log-likelihood: -65210.022
9. Current log-likelihood: -65208.018
10. Current log-likelihood: -65206.447
11. Current log-likelihood: -65205.286
12. Current log-likelihood: -65204.351
13. Current log-likelihood: -65203.464
14. Current log-likelihood: -65202.482
15. Current log-likelihood: -65201.197
16. Current log-likelihood: -65199.461
17. Current log-likelihood: -65197.440
18. Current log-likelihood: -65195.444
19. Current log-likelihood: -65193.591
20. Current log-likelihood: -65191.759
21. Current log-likelihood: -65189.857
22. Current log-likelihood: -65187.868
23. Current log-likelihood: -65185.826
24. Current log-likelihood: -65183.802
25. Current log-likelihood: -65181.872
26. Current log-likelihood: -65180.119
27. Current log-likelihood: -65178.575
28. Current log-likelihood: -65177.246
29. Current log-likelihood: -65176.105
30. Current log-likelihood: -65175.096
31. Current log-likelihood: -65174.161
32. Current log-likelihood: -65173.254
33. Current log-likelihood: -65172.349
34. Current log-likelihood: -65171.445
35. Current log-likelihood: -65170.542
36. Current log-likelihood: -65169.667
37. Current log-likelihood: -65168.841
38. Current log-likelihood: -65168.083
39. Current log-likelihood: -65167.388
40. Current log-likelihood: -65166.749
41. Current log-likelihood: -65166.154
42. Current log-likelihood: -65165.595
43. Current log-likelihood: -65165.066
44. Current log-likelihood: -65164.564
45. Current log-likelihood: -65164.083
46. Current log-likelihood: -65163.623
47. Current log-likelihood: -65163.183
48. Current log-likelihood: -65162.761
49. Current log-likelihood: -65162.374
50. Current log-likelihood: -65162.003
51. Current log-likelihood: -65161.645
52. Current log-likelihood: -65161.298
53. Current log-likelihood: -65161.058
54. Current log-likelihood: -65160.821
55. Current log-likelihood: -65160.590
56. Current log-likelihood: -65160.363
57. Current log-likelihood: -65160.138
58. Current log-likelihood: -65159.916
59. Current log-likelihood: -65159.790
60. Current log-likelihood: -65159.668
61. Current log-likelihood: -65159.547
62. Current log-likelihood: -65159.427
63. Current log-likelihood: -65159.308
64. Current log-likelihood: -65159.190
65. Current log-likelihood: -65159.075
66. Current log-likelihood: -65158.963
67. Current log-likelihood: -65158.854
68. Current log-likelihood: -65158.744
69. Current log-likelihood: -65158.637
70. Current log-likelihood: -65158.532
71. Current log-likelihood: -65158.427
72. Current log-likelihood: -65158.323
73. Current log-likelihood: -65158.218
74. Current log-likelihood: -65158.115
75. Current log-likelihood: -65158.011
76. Current log-likelihood: -65157.910
77. Current log-likelihood: -65157.808
78. Current log-likelihood: -65157.706
79. Current log-likelihood: -65157.605
Optimal log-likelihood: -65157.428
Rate parameters:  A-C: 1.00000  A-G: 1.00000  A-T: 1.00000  C-G: 1.00000  C-T: 1.00000  G-T: 1.00000
Base frequencies:  A: 0.250  C: 0.250  G: 0.250  T: 0.250
Heterotachy weights:      0.042 0.082 0.159 0.156 0.182 0.157 0.118 0.103
Heterotachy tree lengths: 1.642 1.822 1.022 1.537 1.465 1.486 1.369 1.858
Parameters optimization took 79 rounds (3.150 sec)
Reordering classes by tree lengths
Computing ML distances based on estimated model parameters... 0.001 sec
Computing BIONJ tree...
0.000 seconds
Log-likelihood of BIONJ tree: -65174.457
--------------------------------------------------------------------
|             INITIALIZING CANDIDATE TREE SET                      |
--------------------------------------------------------------------
Generating 99 parsimony trees... 0.153 second
Computing log-likelihood of 51 initial trees ... 2.002 seconds
Current best score: -65157.428

Do NNI search on 20 best initial trees
Estimate model parameters (epsilon = 0.100)
BETTER TREE FOUND at iteration 1: -65157.249
Iteration 10 / LogL: -65215.411 / Time: 0h:0m:17s
Iteration 20 / LogL: -65208.190 / Time: 0h:0m:27s
Optimizing model parameters for top 1 candidate trees... 
Estimate model parameters (epsilon = 0.010)
Tree 1 / LogL: -65152.461
2.297 seconds
Finish initializing candidate tree set (1)
Current best tree score: -65152.461 / CPU time: 25.103
Number of iterations: 20
--------------------------------------------------------------------
|               OPTIMIZING CANDIDATE TREE SET                      |
--------------------------------------------------------------------
Iteration 30 / LogL: -65211.058 / Time: 0h:0m:44s (0h:1m:47s left)
UPDATE BEST LOG-LIKELIHOOD: -65152.461
Iteration 40 / LogL: -65190.001 / Time: 0h:0m:56s (0h:1m:28s left)
Iteration 50 / LogL: -65186.956 / Time: 0h:1m:9s (0h:1m:12s left)
Estimate model parameters (epsilon = 0.100)
UPDATE BEST LOG-LIKELIHOOD: -65152.416
Iteration 60 / LogL: -65173.373 / Time: 0h:1m:23s (0h:0m:57s left)
Iteration 70 / LogL: -65176.173 / Time: 0h:1m:36s (0h:0m:43s left)
UPDATE BEST LOG-LIKELIHOOD: -65152.416
Iteration 80 / LogL: -65209.256 / Time: 0h:1m:49s (0h:0m:29s left)
Iteration 90 / LogL: -65196.744 / Time: 0h:2m:0s (0h:0m:14s left)
Iteration 100 / LogL: -65199.239 / Time: 0h:2m:10s (0h:0m:1s left)
Estimate model parameters (epsilon = 0.100)
UPDATE BEST LOG-LIKELIHOOD: -65152.378
TREE SEARCH COMPLETED AFTER 102 ITERATIONS / Time: 0h:2m:13s

--------------------------------------------------------------------
|                    FINALIZING TREE SEARCH                        |
--------------------------------------------------------------------
Performs final model parameters optimization
Estimate model parameters (epsilon = 0.010)
1. Initial log-likelihood: -65152.378
Optimal log-likelihood: -65152.361
Rate parameters:  A-C: 1.00000  A-G: 1.00000  A-T: 1.00000  C-G: 1.00000  C-T: 1.00000  G-T: 1.00000
Base frequencies:  A: 0.250  C: 0.250  G: 0.250  T: 0.250
Heterotachy weights:      0.192 0.099 0.198 0.149 0.145 0.030 0.062 0.125
Heterotachy tree lengths: 1.080 1.224 1.513 1.517 1.418 2.319 2.103 1.944
Parameters optimization took 1 rounds (0.034 sec)
BEST SCORE FOUND : -65152.361
Total tree length: 1.503

Total number of iterations: 102
CPU time used for tree search: 128.654 sec (0h:2m:8s)
Wall-clock time used for tree search: 128.677 sec (0h:2m:8s)
Total CPU time used: 133.628 sec (0h:2m:13s)
Total wall-clock time used: 133.678 sec (0h:2m:13s)

Analysis results written to: 
  IQ-TREE report:                conc_heterotachy_8.iqtree
  Maximum-likelihood tree:       conc_heterotachy_8.treefile
  Likelihood distances:          conc_heterotachy_8.mldist
  Screen log file:               conc_heterotachy_8.log

Date and Time: Wed May  8 15:53:54 2019
