IQ-TREE multicore version 1.6.9 for Linux 64-bit built Dec 20 2018
Developed by Bui Quang Minh, Nguyen Lam Tung, Olga Chernomor,
Heiko Schmidt, Dominik Schrempf, Michael Woodhams.

Host:    gallonegro (AVX, 7 GB RAM)
Command: iqtree -s 4th_branched_test_pops78910111213_concat.fas -m JC+H13 -pre conc_heterotachy_13
Seed:    957443 (Using SPRNG - Scalable Parallel Random Number Generator)
Time:    Thu May  9 10:20:10 2019
Kernel:  AVX - 1 threads (4 CPU cores detected)

HINT: Use -nt option to specify number of threads because your CPU has 4 cores!
HINT: -nt AUTO will automatically determine the best number of threads to use.

Reading alignment file 4th_branched_test_pops78910111213_concat.fas ... Fasta format detected
Alignment most likely contains DNA/RNA sequences
Alignment has 8 sequences with 10000 columns, 2501 distinct patterns
4544 parsimony-informative, 2973 singleton sites, 2483 constant sites
                     Gap/Ambiguity  Composition  p-value
   1  Lin478089gen30001_1    0.00%    passed     30.50%
   2  Lin478089gen30001_2    0.00%    passed     64.79%
   3  Lin478089gen30001_3    0.00%    passed     64.10%
   4  Lin478089gen30001_4    0.00%    passed     63.21%
   5  Lin478089gen30001_5    0.00%    passed     44.73%
   6  Lin478089gen30001_6    0.00%    passed     59.36%
   7  Lin478089gen30002_7    0.00%    passed     73.87%
   8  Lin478089gen30002_8    0.00%    passed     63.07%
****  TOTAL                  0.00%  0 sequences failed composition chi2 test (p-value<5%; df=3)

Create initial parsimony tree by phylogenetic likelihood library (PLL)... 0.002 seconds

NOTE: 8 MB RAM (0 GB) is required!
Estimate model parameters (epsilon = 0.100)
Initial LogL: -65235.895, Site proportion and rates:  (0.028,0.407) (0.047,0.675) (0.061,0.795) (0.074,0.872) (0.084,0.925) (0.092,0.970) (0.097,1.006) (0.101,1.037) (0.102,1.073) (0.099,1.106) (0.092,1.143) (0.078,1.189) (0.046,1.278)
relative_treelen: 0.572 0.949 1.118 1.225 1.301 1.364 1.414 1.458 1.508 1.555 1.606 1.671 1.796
1. Initial log-likelihood: -65235.895
2. Current log-likelihood: -65220.262
3. Current log-likelihood: -65218.051
4. Current log-likelihood: -65216.842
5. Current log-likelihood: -65215.819
6. Current log-likelihood: -65214.605
7. Current log-likelihood: -65212.964
8. Current log-likelihood: -65210.891
9. Current log-likelihood: -65208.708
10. Current log-likelihood: -65206.830
11. Current log-likelihood: -65205.397
12. Current log-likelihood: -65204.248
13. Current log-likelihood: -65203.136
14. Current log-likelihood: -65201.794
15. Current log-likelihood: -65200.053
16. Current log-likelihood: -65198.091
17. Current log-likelihood: -65196.229
18. Current log-likelihood: -65194.600
19. Current log-likelihood: -65193.134
20. Current log-likelihood: -65191.686
21. Current log-likelihood: -65190.140
22. Current log-likelihood: -65188.429
23. Current log-likelihood: -65186.541
24. Current log-likelihood: -65184.511
25. Current log-likelihood: -65182.392
26. Current log-likelihood: -65180.268
27. Current log-likelihood: -65178.239
28. Current log-likelihood: -65176.373
29. Current log-likelihood: -65174.637
30. Current log-likelihood: -65173.020
31. Current log-likelihood: -65171.526
32. Current log-likelihood: -65170.197
33. Current log-likelihood: -65169.070
34. Current log-likelihood: -65168.134
35. Current log-likelihood: -65167.346
36. Current log-likelihood: -65166.668
37. Current log-likelihood: -65166.042
38. Current log-likelihood: -65165.436
39. Current log-likelihood: -65164.831
40. Current log-likelihood: -65164.217
41. Current log-likelihood: -65163.590
42. Current log-likelihood: -65162.950
43. Current log-likelihood: -65162.297
44. Current log-likelihood: -65161.635
45. Current log-likelihood: -65160.961
46. Current log-likelihood: -65160.275
47. Current log-likelihood: -65159.573
48. Current log-likelihood: -65158.848
49. Current log-likelihood: -65158.096
50. Current log-likelihood: -65157.313
51. Current log-likelihood: -65156.502
52. Current log-likelihood: -65155.667
53. Current log-likelihood: -65154.819
54. Current log-likelihood: -65153.967
55. Current log-likelihood: -65153.118
56. Current log-likelihood: -65152.275
57. Current log-likelihood: -65151.438
58. Current log-likelihood: -65150.610
59. Current log-likelihood: -65149.796
60. Current log-likelihood: -65149.004
61. Current log-likelihood: -65148.241
62. Current log-likelihood: -65147.507
63. Current log-likelihood: -65146.795
64. Current log-likelihood: -65146.102
65. Current log-likelihood: -65145.421
66. Current log-likelihood: -65144.745
67. Current log-likelihood: -65144.073
68. Current log-likelihood: -65143.406
69. Current log-likelihood: -65142.742
70. Current log-likelihood: -65142.080
71. Current log-likelihood: -65141.420
72. Current log-likelihood: -65140.762
73. Current log-likelihood: -65140.114
74. Current log-likelihood: -65139.486
75. Current log-likelihood: -65138.870
76. Current log-likelihood: -65138.269
77. Current log-likelihood: -65137.680
78. Current log-likelihood: -65137.103
79. Current log-likelihood: -65136.545
80. Current log-likelihood: -65136.008
81. Current log-likelihood: -65135.495
82. Current log-likelihood: -65135.023
83. Current log-likelihood: -65134.582
84. Current log-likelihood: -65134.170
85. Current log-likelihood: -65133.785
86. Current log-likelihood: -65133.432
87. Current log-likelihood: -65133.099
88. Current log-likelihood: -65132.782
89. Current log-likelihood: -65132.670
90. Current log-likelihood: -65132.562
91. Current log-likelihood: -65132.456
92. Current log-likelihood: -65132.351
93. Current log-likelihood: -65132.249
94. Current log-likelihood: -65132.148
95. Current log-likelihood: -65132.047
96. Current log-likelihood: -65131.947
Optimal log-likelihood: -65131.756
Rate parameters:  A-C: 1.00000  A-G: 1.00000  A-T: 1.00000  C-G: 1.00000  C-T: 1.00000  G-T: 1.00000
Base frequencies:  A: 0.250  C: 0.250  G: 0.250  T: 0.250
Heterotachy weights:      0.040 0.055 0.063 0.076 0.076 0.093 0.082 0.099 0.100 0.096 0.088 0.075 0.059
Heterotachy tree lengths: 2.354 2.061 2.184 0.656 1.242 2.026 1.583 1.272 1.311 1.439 1.214 1.832 2.190
Parameters optimization took 96 rounds (8.832 sec)
Reordering classes by tree lengths
Computing ML distances based on estimated model parameters... 0.001 sec
Computing BIONJ tree...
0.000 seconds
Log-likelihood of BIONJ tree: -65168.998
--------------------------------------------------------------------
|             INITIALIZING CANDIDATE TREE SET                      |
--------------------------------------------------------------------
Generating 99 parsimony trees... 0.153 second
Computing log-likelihood of 50 initial trees ... 3.839 seconds
Current best score: -65131.756

Do NNI search on 20 best initial trees
Estimate model parameters (epsilon = 0.100)
BETTER TREE FOUND at iteration 1: -65131.568
Iteration 10 / LogL: -65216.235 / Time: 0h:0m:46s
WARN: at EM step 1 new_tree_lh -66773.164 worse than tree_lh -66766.733
Iteration 20 / LogL: -65218.939 / Time: 0h:1m:17s
Optimizing model parameters for top 1 candidate trees... 
Estimate model parameters (epsilon = 0.010)
Tree 1 / LogL: -65117.635
9.590 seconds
Finish initializing candidate tree set (1)
Current best tree score: -65117.635 / CPU time: 74.520
Number of iterations: 20
--------------------------------------------------------------------
|               OPTIMIZING CANDIDATE TREE SET                      |
--------------------------------------------------------------------
Iteration 30 / LogL: -65121.772 / Time: 0h:1m:59s (0h:4m:52s left)
Iteration 40 / LogL: -65117.635 / Time: 0h:2m:36s (0h:4m:4s left)
Iteration 50 / LogL: -65148.418 / Time: 0h:3m:18s (0h:3m:26s left)
Iteration 60 / LogL: -65221.733 / Time: 0h:3m:55s (0h:2m:43s left)
Estimate model parameters (epsilon = 0.100)
UPDATE BEST LOG-LIKELIHOOD: -65117.559
Iteration 70 / LogL: -65152.750 / Time: 0h:4m:44s (0h:2m:7s left)
Estimate model parameters (epsilon = 0.100)
UPDATE BEST LOG-LIKELIHOOD: -65117.492
Iteration 80 / LogL: -65171.495 / Time: 0h:5m:27s (0h:1m:26s left)
Iteration 90 / LogL: -65143.230 / Time: 0h:6m:5s (0h:0m:45s left)
Iteration 100 / LogL: -65191.848 / Time: 0h:6m:40s (0h:0m:4s left)
TREE SEARCH COMPLETED AFTER 102 ITERATIONS / Time: 0h:6m:51s

--------------------------------------------------------------------
|                    FINALIZING TREE SEARCH                        |
--------------------------------------------------------------------
Performs final model parameters optimization
Estimate model parameters (epsilon = 0.010)
1. Initial log-likelihood: -65117.492
2. Current log-likelihood: -65117.473
3. Current log-likelihood: -65117.455
4. Current log-likelihood: -65117.437
5. Current log-likelihood: -65117.422
6. Current log-likelihood: -65117.408
7. Current log-likelihood: -65117.395
8. Current log-likelihood: -65117.382
9. Current log-likelihood: -65117.369
10. Current log-likelihood: -65117.356
11. Current log-likelihood: -65117.343
12. Current log-likelihood: -65117.331
13. Current log-likelihood: -65117.318
14. Current log-likelihood: -65117.306
15. Current log-likelihood: -65117.294
16. Current log-likelihood: -65117.281
17. Current log-likelihood: -65117.269
18. Current log-likelihood: -65117.257
19. Current log-likelihood: -65117.245
20. Current log-likelihood: -65117.233
21. Current log-likelihood: -65117.222
22. Current log-likelihood: -65117.210
23. Current log-likelihood: -65117.198
24. Current log-likelihood: -65117.187
25. Current log-likelihood: -65117.175
26. Current log-likelihood: -65117.164
27. Current log-likelihood: -65117.152
28. Current log-likelihood: -65117.141
29. Current log-likelihood: -65117.130
30. Current log-likelihood: -65117.119
31. Current log-likelihood: -65117.108
32. Current log-likelihood: -65117.097
33. Current log-likelihood: -65117.086
34. Current log-likelihood: -65117.075
35. Current log-likelihood: -65117.064
36. Current log-likelihood: -65117.053
37. Current log-likelihood: -65117.042
38. Current log-likelihood: -65117.031
39. Current log-likelihood: -65117.021
40. Current log-likelihood: -65117.010
41. Current log-likelihood: -65116.999
42. Current log-likelihood: -65116.989
43. Current log-likelihood: -65116.978
44. Current log-likelihood: -65116.968
45. Current log-likelihood: -65116.958
46. Current log-likelihood: -65116.948
47. Current log-likelihood: -65116.938
Optimal log-likelihood: -65116.922
Rate parameters:  A-C: 1.00000  A-G: 1.00000  A-T: 1.00000  C-G: 1.00000  C-T: 1.00000  G-T: 1.00000
Base frequencies:  A: 0.250  C: 0.250  G: 0.250  T: 0.250
Heterotachy weights:      0.112 0.075 0.072 0.108 0.106 0.107 0.066 0.071 0.077 0.077 0.053 0.045 0.031
Heterotachy tree lengths: 0.699 1.962 1.137 1.226 1.400 1.383 1.477 1.983 2.321 1.677 2.791 2.945 10.675
Parameters optimization took 47 rounds (1.450 sec)
BEST SCORE FOUND : -65116.922
Total tree length: 1.890

Total number of iterations: 102
CPU time used for tree search: 398.437 sec (0h:6m:38s)
Wall-clock time used for tree search: 398.688 sec (0h:6m:38s)
Total CPU time used: 412.403 sec (0h:6m:52s)
Total wall-clock time used: 412.683 sec (0h:6m:52s)

Analysis results written to: 
  IQ-TREE report:                conc_heterotachy_13.iqtree
  Maximum-likelihood tree:       conc_heterotachy_13.treefile
  Likelihood distances:          conc_heterotachy_13.mldist
  Screen log file:               conc_heterotachy_13.log

Date and Time: Thu May  9 10:27:03 2019
