IQ-TREE multicore version 1.6.9 for Linux 64-bit built Dec 20 2018
Developed by Bui Quang Minh, Nguyen Lam Tung, Olga Chernomor,
Heiko Schmidt, Dominik Schrempf, Michael Woodhams.

Host:    gallonegro (AVX, 7 GB RAM)
Command: iqtree -s 4th_branched_test_pops78910111213_concat.fas -m JC+H12 -pre conc_heterotachy_12
Seed:    817895 (Using SPRNG - Scalable Parallel Random Number Generator)
Time:    Thu May  9 10:14:33 2019
Kernel:  AVX - 1 threads (4 CPU cores detected)

HINT: Use -nt option to specify number of threads because your CPU has 4 cores!
HINT: -nt AUTO will automatically determine the best number of threads to use.

Reading alignment file 4th_branched_test_pops78910111213_concat.fas ... Fasta format detected
Alignment most likely contains DNA/RNA sequences
Alignment has 8 sequences with 10000 columns, 2501 distinct patterns
4544 parsimony-informative, 2973 singleton sites, 2483 constant sites
                     Gap/Ambiguity  Composition  p-value
   1  Lin478089gen30001_1    0.00%    passed     30.50%
   2  Lin478089gen30001_2    0.00%    passed     64.79%
   3  Lin478089gen30001_3    0.00%    passed     64.10%
   4  Lin478089gen30001_4    0.00%    passed     63.21%
   5  Lin478089gen30001_5    0.00%    passed     44.73%
   6  Lin478089gen30001_6    0.00%    passed     59.36%
   7  Lin478089gen30002_7    0.00%    passed     73.87%
   8  Lin478089gen30002_8    0.00%    passed     63.07%
****  TOTAL                  0.00%  0 sequences failed composition chi2 test (p-value<5%; df=3)

Create initial parsimony tree by phylogenetic likelihood library (PLL)... 0.001 seconds

NOTE: 7 MB RAM (0 GB) is required!
Estimate model parameters (epsilon = 0.100)
Initial LogL: -65237.069, Site proportion and rates:  (0.032,0.408) (0.053,0.678) (0.070,0.802) (0.083,0.880) (0.094,0.939) (0.102,0.985) (0.108,1.023) (0.110,1.062) (0.108,1.102) (0.101,1.144) (0.087,1.195) (0.052,1.292)
relative_treelen: 0.574 0.954 1.128 1.238 1.320 1.386 1.440 1.494 1.550 1.609 1.680 1.818
1. Initial log-likelihood: -65237.069
2. Current log-likelihood: -65220.554
3. Current log-likelihood: -65218.131
4. Current log-likelihood: -65216.841
5. Current log-likelihood: -65215.758
6. Current log-likelihood: -65214.480
7. Current log-likelihood: -65212.775
8. Current log-likelihood: -65210.671
9. Current log-likelihood: -65208.514
10. Current log-likelihood: -65206.701
11. Current log-likelihood: -65205.329
12. Current log-likelihood: -65204.226
13. Current log-likelihood: -65203.155
14. Current log-likelihood: -65201.881
15. Current log-likelihood: -65200.206
16. Current log-likelihood: -65198.263
17. Current log-likelihood: -65196.354
18. Current log-likelihood: -65194.654
19. Current log-likelihood: -65193.116
20. Current log-likelihood: -65191.596
21. Current log-likelihood: -65189.971
22. Current log-likelihood: -65188.190
23. Current log-likelihood: -65186.258
24. Current log-likelihood: -65184.220
25. Current log-likelihood: -65182.148
26. Current log-likelihood: -65180.151
27. Current log-likelihood: -65178.302
28. Current log-likelihood: -65176.651
29. Current log-likelihood: -65175.163
30. Current log-likelihood: -65173.798
31. Current log-likelihood: -65172.500
32. Current log-likelihood: -65171.255
33. Current log-likelihood: -65170.086
34. Current log-likelihood: -65169.025
35. Current log-likelihood: -65168.090
36. Current log-likelihood: -65167.267
37. Current log-likelihood: -65166.534
38. Current log-likelihood: -65165.866
39. Current log-likelihood: -65165.252
40. Current log-likelihood: -65164.656
41. Current log-likelihood: -65164.065
42. Current log-likelihood: -65163.473
43. Current log-likelihood: -65162.880
44. Current log-likelihood: -65162.286
45. Current log-likelihood: -65161.695
46. Current log-likelihood: -65161.109
47. Current log-likelihood: -65160.530
48. Current log-likelihood: -65159.961
49. Current log-likelihood: -65159.400
50. Current log-likelihood: -65158.845
51. Current log-likelihood: -65158.294
52. Current log-likelihood: -65157.742
53. Current log-likelihood: -65157.185
54. Current log-likelihood: -65156.619
55. Current log-likelihood: -65156.038
56. Current log-likelihood: -65155.440
57. Current log-likelihood: -65154.822
58. Current log-likelihood: -65154.177
59. Current log-likelihood: -65153.504
60. Current log-likelihood: -65152.803
61. Current log-likelihood: -65152.081
62. Current log-likelihood: -65151.361
63. Current log-likelihood: -65150.642
64. Current log-likelihood: -65149.933
65. Current log-likelihood: -65149.229
66. Current log-likelihood: -65148.535
67. Current log-likelihood: -65147.851
68. Current log-likelihood: -65147.179
69. Current log-likelihood: -65146.519
70. Current log-likelihood: -65145.875
71. Current log-likelihood: -65145.249
72. Current log-likelihood: -65144.642
73. Current log-likelihood: -65144.056
74. Current log-likelihood: -65143.490
75. Current log-likelihood: -65142.945
76. Current log-likelihood: -65142.417
77. Current log-likelihood: -65141.907
78. Current log-likelihood: -65141.411
79. Current log-likelihood: -65140.928
80. Current log-likelihood: -65140.446
81. Current log-likelihood: -65139.977
82. Current log-likelihood: -65139.514
83. Current log-likelihood: -65139.052
84. Current log-likelihood: -65138.590
85. Current log-likelihood: -65138.129
86. Current log-likelihood: -65137.668
87. Current log-likelihood: -65137.208
88. Current log-likelihood: -65136.748
89. Current log-likelihood: -65136.294
90. Current log-likelihood: -65135.846
91. Current log-likelihood: -65135.400
92. Current log-likelihood: -65134.957
93. Current log-likelihood: -65134.520
94. Current log-likelihood: -65134.085
95. Current log-likelihood: -65133.653
96. Current log-likelihood: -65133.226
97. Current log-likelihood: -65132.805
98. Current log-likelihood: -65132.404
99. Current log-likelihood: -65132.021
Optimal log-likelihood: -65132.021
Rate parameters:  A-C: 1.00000  A-G: 1.00000  A-T: 1.00000  C-G: 1.00000  C-T: 1.00000  G-T: 1.00000
Base frequencies:  A: 0.250  C: 0.250  G: 0.250  T: 0.250
Heterotachy weights:      0.036 0.056 0.062 0.083 0.093 0.079 0.107 0.108 0.109 0.107 0.095 0.064
Heterotachy tree lengths: 3.261 2.078 2.451 0.598 1.920 1.833 1.369 1.366 1.513 1.375 1.275 1.729
Parameters optimization took 99 rounds (8.880 sec)
Reordering classes by tree lengths
Computing ML distances based on estimated model parameters... 0.001 sec
Computing BIONJ tree...
0.000 seconds
Log-likelihood of BIONJ tree: -65170.135
--------------------------------------------------------------------
|             INITIALIZING CANDIDATE TREE SET                      |
--------------------------------------------------------------------
Generating 99 parsimony trees... 0.162 second
Computing log-likelihood of 55 initial trees ... 3.957 seconds
Current best score: -65132.021

Do NNI search on 20 best initial trees
Estimate model parameters (epsilon = 0.100)
BETTER TREE FOUND at iteration 1: -65130.026
Iteration 10 / LogL: -65216.463 / Time: 0h:0m:43s
Iteration 20 / LogL: -65219.519 / Time: 0h:1m:11s
Optimizing model parameters for top 1 candidate trees... 
Estimate model parameters (epsilon = 0.010)
Tree 1 / LogL: -65126.336
3.579 seconds
Finish initializing candidate tree set (1)
Current best tree score: -65126.336 / CPU time: 62.982
Number of iterations: 20
--------------------------------------------------------------------
|               OPTIMIZING CANDIDATE TREE SET                      |
--------------------------------------------------------------------
Iteration 30 / LogL: -65188.461 / Time: 0h:1m:45s (0h:4m:17s left)
Iteration 40 / LogL: -65165.724 / Time: 0h:2m:15s (0h:3m:31s left)
WARN: at EM step 1 new_tree_lh -65433.524 worse than tree_lh -65432.496
Iteration 50 / LogL: -65151.950 / Time: 0h:2m:44s (0h:2m:50s left)
Iteration 60 / LogL: -65159.443 / Time: 0h:3m:19s (0h:2m:18s left)
WARN: at EM step 1 new_tree_lh -65433.524 worse than tree_lh -65432.496
Iteration 70 / LogL: -65208.437 / Time: 0h:3m:51s (0h:1m:43s left)
Iteration 80 / LogL: -65199.313 / Time: 0h:4m:26s (0h:1m:10s left)
Iteration 90 / LogL: -65136.571 / Time: 0h:4m:54s (0h:0m:36s left)
Iteration 100 / LogL: -65182.452 / Time: 0h:5m:30s (0h:0m:3s left)
TREE SEARCH COMPLETED AFTER 102 ITERATIONS / Time: 0h:5m:37s

--------------------------------------------------------------------
|                    FINALIZING TREE SEARCH                        |
--------------------------------------------------------------------
Performs final model parameters optimization
Estimate model parameters (epsilon = 0.010)
1. Initial log-likelihood: -65126.336
Optimal log-likelihood: -65126.322
Rate parameters:  A-C: 1.00000  A-G: 1.00000  A-T: 1.00000  C-G: 1.00000  C-T: 1.00000  G-T: 1.00000
Base frequencies:  A: 0.250  C: 0.250  G: 0.250  T: 0.250
Heterotachy weights:      0.086 0.109 0.103 0.108 0.121 0.097 0.065 0.058 0.103 0.059 0.058 0.034
Heterotachy tree lengths: 0.626 1.244 1.379 1.341 1.315 1.769 1.564 1.971 1.954 2.015 2.975 10.772
Parameters optimization took 1 rounds (0.057 sec)
BEST SCORE FOUND : -65126.322
Total tree length: 1.882

Total number of iterations: 102
CPU time used for tree search: 324.497 sec (0h:5m:24s)
Wall-clock time used for tree search: 324.675 sec (0h:5m:24s)
Total CPU time used: 336.928 sec (0h:5m:36s)
Total wall-clock time used: 337.115 sec (0h:5m:37s)

Analysis results written to: 
  IQ-TREE report:                conc_heterotachy_12.iqtree
  Maximum-likelihood tree:       conc_heterotachy_12.treefile
  Likelihood distances:          conc_heterotachy_12.mldist
  Screen log file:               conc_heterotachy_12.log

Date and Time: Thu May  9 10:20:10 2019
